2020-01-31 01:29:57,010 INFO org.springframework.boot.SpringApplication [restartedMain] No active profile set, falling back to default profiles: default
2020-01-31 01:30:15,021 INFO org.springframework.boot.SpringApplication [restartedMain] No active profile set, falling back to default profiles: default
2020-01-31 01:30:43,911 INFO org.springframework.boot.StartupInfoLogger [restartedMain] Started BankApplication in 33.302 seconds (JVM running for 34.821)
2020-01-31 01:31:19,136 INFO org.springframework.boot.SpringApplication [restartedMain] No active profile set, falling back to default profiles: default
2020-01-31 01:31:34,502 INFO org.springframework.boot.StartupInfoLogger [restartedMain] Started BankApplication in 18.392 seconds (JVM running for 19.521)
2020-01-31 01:31:56,553 INFO com.sep.bank.service.BankService [https-jsse-nio-8300-exec-4] Bank orderId=1 created sellerId=1
2020-01-31 01:34:44,857 INFO org.springframework.boot.SpringApplication [restartedMain] No active profile set, falling back to default profiles: default
2020-01-31 01:35:01,246 INFO org.springframework.boot.StartupInfoLogger [restartedMain] Started BankApplication in 19.341 seconds (JVM running for 20.411)
2020-01-31 01:36:47,926 INFO com.sep.bank.service.BankService [https-jsse-nio-8300-exec-8] Bank orderId=2 created sellerId=1
2020-01-31 01:38:57,816 INFO org.springframework.boot.SpringApplication [restartedMain] No active profile set, falling back to default profiles: default
2020-01-31 01:39:01,955 INFO org.springframework.boot.StartupInfoLogger [restartedMain] Started BankApplication in 4.734 seconds (JVM running for 261.115)
2020-01-31 01:39:34,198 INFO org.springframework.boot.SpringApplication [restartedMain] No active profile set, falling back to default profiles: default
2020-01-31 01:39:56,430 INFO org.springframework.boot.StartupInfoLogger [restartedMain] Started BankApplication in 39.513 seconds (JVM running for 42.694)
2020-01-31 01:40:36,805 INFO com.sep.bank.service.BankService [https-jsse-nio-8300-exec-3] Bank orderId=1 created sellerId=1
2020-01-31 01:41:53,303 INFO org.springframework.boot.SpringApplication [restartedMain] No active profile set, falling back to default profiles: default
2020-01-31 01:42:10,671 INFO org.springframework.boot.StartupInfoLogger [restartedMain] Started BankApplication in 20.814 seconds (JVM running for 21.833)
2020-01-31 01:43:05,872 INFO com.sep.bank.service.BankService [https-jsse-nio-8300-exec-3] Bank orderId=1 created sellerId=1
2020-01-31 01:43:53,765 INFO com.sep.bank.service.BankService [https-jsse-nio-8300-exec-2] Bank orderId=2 created sellerId=1
2020-01-31 13:04:51,410 INFO org.springframework.boot.SpringApplication [restartedMain] No active profile set, falling back to default profiles: default
2020-01-31 13:05:13,581 INFO org.springframework.boot.StartupInfoLogger [restartedMain] Started BankApplication in 25.041 seconds (JVM running for 26.084)
2020-01-31 13:08:27,350 INFO com.sep.bank.service.BankService [https-jsse-nio-8300-exec-7] Bank orderId=1 created sellerId=1
2020-01-31 13:09:22,848 INFO com.sep.bank.service.BankService [https-jsse-nio-8300-exec-6] Bank orderId=2 created sellerId=1
2020-01-31 13:10:19,623 INFO com.sep.bank.service.BankService [https-jsse-nio-8300-exec-9] Bank orderId=3 created sellerId=1
2020-01-31 13:14:14,378 INFO com.sep.bank.service.BankService [https-jsse-nio-8300-exec-7] Bank orderId=5 created sellerId=1
2020-01-31 13:15:15,705 INFO com.sep.bank.service.BankService [https-jsse-nio-8300-exec-4] Bank orderId=6 created sellerId=1
2020-01-31 13:19:25,689 INFO org.springframework.boot.SpringApplication [restartedMain] No active profile set, falling back to default profiles: default
2020-01-31 13:19:52,304 INFO org.springframework.boot.StartupInfoLogger [restartedMain] Started BankApplication in 33.098 seconds (JVM running for 34.788)
2020-01-31 13:19:54,183 INFO org.springframework.boot.SpringApplication [restartedMain] No active profile set, falling back to default profiles: default
2020-01-31 13:21:47,202 INFO com.sep.bank.service.BankService [https-jsse-nio-8300-exec-5] Bank orderId=1 created sellerId=1
2020-01-31 13:22:57,061 INFO com.sep.bank.service.BankService [https-jsse-nio-8300-exec-1] Bank orderId=2 created sellerId=1
2020-01-31 13:23:43,959 INFO com.sep.bank.service.BankService [https-jsse-nio-8300-exec-10] Bank orderId=3 created sellerId=1
2020-01-31 13:24:51,146 INFO org.springframework.boot.SpringApplication [restartedMain] No active profile set, falling back to default profiles: default
2020-01-31 13:25:07,071 INFO org.springframework.boot.StartupInfoLogger [restartedMain] Started BankApplication in 19.275 seconds (JVM running for 20.658)
2020-01-31 13:25:42,221 INFO com.sep.bank.service.BankService [https-jsse-nio-8300-exec-3] Bank orderId=1 created sellerId=1
2020-01-31 13:26:49,763 INFO com.sep.bank.service.BankService [https-jsse-nio-8300-exec-9] Bank orderId=2 created sellerId=1
2020-01-31 13:28:59,608 INFO org.springframework.boot.SpringApplication [restartedMain] No active profile set, falling back to default profiles: default
2020-01-31 13:29:29,532 INFO org.springframework.boot.StartupInfoLogger [restartedMain] Started BankApplication in 34.254 seconds (JVM running for 35.423)
2020-01-31 13:30:27,449 INFO com.sep.bank.service.BankService [https-jsse-nio-8300-exec-3] Bank orderId=1 created sellerId=1
2020-01-31 13:31:15,272 INFO com.sep.bank.service.BankService [https-jsse-nio-8300-exec-10] Bank orderId=2 created sellerId=1
2020-01-31 13:33:55,083 INFO org.springframework.boot.SpringApplication [restartedMain] No active profile set, falling back to default profiles: default
2020-01-31 13:34:34,338 INFO org.springframework.boot.StartupInfoLogger [restartedMain] Started BankApplication in 42.216 seconds (JVM running for 43.227)
2020-01-31 13:35:15,077 INFO com.sep.bank.service.BankService [https-jsse-nio-8300-exec-2] Bank orderId=1 created sellerId=1
2020-01-31 13:35:43,659 INFO com.sep.bank.service.BankService [https-jsse-nio-8300-exec-5] Bank orderId=2 created sellerId=1
2020-01-31 13:37:07,105 INFO org.springframework.boot.SpringApplication [restartedMain] No active profile set, falling back to default profiles: default
2020-01-31 13:37:33,096 INFO org.springframework.boot.StartupInfoLogger [restartedMain] Started BankApplication in 31.853 seconds (JVM running for 32.92)
2020-01-31 13:37:47,074 INFO com.sep.bank.service.BankService [https-jsse-nio-8300-exec-1] Bank orderId=1 created sellerId=1
2020-01-31 13:37:56,735 INFO com.sep.bank.service.BankService [https-jsse-nio-8300-exec-7] Bank orderId=2 created sellerId=1
2020-01-31 20:09:03,565 INFO org.springframework.boot.SpringApplication [restartedMain] No active profile set, falling back to default profiles: default
2020-01-31 20:09:45,962 INFO org.springframework.boot.StartupInfoLogger [restartedMain] Started BankApplication in 50.551 seconds (JVM running for 52.568)
2020-01-31 21:02:35,985 INFO org.springframework.boot.SpringApplication [restartedMain] No active profile set, falling back to default profiles: default
2020-01-31 21:02:51,450 INFO org.springframework.boot.SpringApplication [restartedMain] No active profile set, falling back to default profiles: default
2020-01-31 21:03:08,034 INFO org.springframework.boot.StartupInfoLogger [restartedMain] Started BankApplication in 21.743 seconds (JVM running for 23.119)
2020-01-31 21:03:43,697 INFO org.springframework.boot.SpringApplication [restartedMain] No active profile set, falling back to default profiles: default
2020-01-31 21:04:00,396 INFO org.springframework.boot.StartupInfoLogger [restartedMain] Started BankApplication in 21.655 seconds (JVM running for 22.674)
2020-01-31 21:04:52,061 INFO com.sep.bank.service.BankService [https-jsse-nio-8300-exec-3] Bank orderId=1 created sellerId=1
2020-01-31 21:05:20,770 INFO com.sep.bank.controller.BankController [https-jsse-nio-8300-exec-7] Bank orderId=1 successful
2020-01-31 21:07:23,553 INFO com.sep.bank.service.BankService [https-jsse-nio-8300-exec-10] Bank orderId=2 created sellerId=1
2020-01-31 21:07:33,689 INFO com.sep.bank.controller.BankController [https-jsse-nio-8300-exec-2] Bank orderId=2 successful
2020-01-31 21:09:07,585 INFO com.sep.bank.service.BankService [https-jsse-nio-8300-exec-9] Bank orderId=3 created sellerId=1
2020-01-31 21:09:32,435 INFO com.sep.bank.controller.BankController [https-jsse-nio-8300-exec-6] Bank orderId=3 failed
2020-01-31 21:11:32,399 INFO com.sep.bank.service.BankService [https-jsse-nio-8300-exec-6] Bank orderId=4 created sellerId=2
2020-01-31 21:11:46,920 INFO com.sep.bank.controller.BankController [https-jsse-nio-8300-exec-5] Bank orderId=4 successful
2020-01-31 21:13:15,748 INFO com.sep.bank.service.BankService [https-jsse-nio-8300-exec-2] Bank orderId=5 created sellerId=2
2020-01-31 21:13:30,640 INFO com.sep.bank.controller.BankController [https-jsse-nio-8300-exec-6] Bank orderId=5 successful
2020-01-31 21:33:25,811 INFO org.springframework.boot.SpringApplication [restartedMain] No active profile set, falling back to default profiles: default
2020-01-31 21:34:23,731 INFO org.springframework.boot.StartupInfoLogger [restartedMain] Started BankApplication in 74.235 seconds (JVM running for 83.302)
2020-01-31 21:36:37,500 INFO com.sep.bank.service.BankService [https-jsse-nio-8300-exec-3] Bank orderId=1 created sellerId=1
2020-01-31 21:36:58,522 INFO com.sep.bank.controller.BankController [https-jsse-nio-8300-exec-6] Bank orderId=1 successful
2020-01-31 21:38:05,281 INFO com.sep.bank.service.BankService [https-jsse-nio-8300-exec-1] Bank orderId=2 created sellerId=2
2020-01-31 21:38:12,969 INFO com.sep.bank.controller.BankController [https-jsse-nio-8300-exec-8] Bank orderId=2 successful
2020-01-31 21:39:08,059 INFO com.sep.bank.service.BankService [https-jsse-nio-8300-exec-9] Bank orderId=3 created sellerId=3
2020-01-31 21:39:13,384 INFO com.sep.bank.service.BankService [https-jsse-nio-8300-exec-4] Bank orderId=4 created sellerId=3
2020-01-31 21:42:25,056 INFO com.sep.bank.service.BankService [https-jsse-nio-8300-exec-1] Bank orderId=5 created sellerId=2
2020-01-31 21:42:39,783 INFO com.sep.bank.controller.BankController [https-jsse-nio-8300-exec-9] Bank orderId=5 successful
